[0.025s] Invoking command in '/home/fra/master_ws_test/build/cobot_ik': CMAKE_PREFIX_PATH=${CMAKE_PREFIX_PATH}:/opt/ros/humble /usr/bin/cmake --build /home/fra/master_ws_test/build/cobot_ik -- -j12 -l12
[0.074s] [35m[1mConsolidate compiler generated dependencies of target pick_place[0m
[0.092s] [ 50%] Built target test_ik
[0.102s] [ 75%] [32mBuilding CXX object CMakeFiles/pick_place.dir/src/pick_place.cpp.o[0m
[6.245s] [01m[K/home/fra/master_ws_test/src/cobot_ik/src/pick_place.cpp:163:18:[m[K [01;31m[Kerror: [m[Kâ€˜[01m[KAttachedCollisionObject[m[Kâ€™ in namespace â€˜[01m[Kmoveit_msgs[m[Kâ€™ does not name a type
[6.245s]   163 |     moveit_msgs::[01;31m[KAttachedCollisionObject[m[K attached_object;
[6.245s]       |                  [01;31m[K^~~~~~~~~~~~~~~~~~~~~~~[m[K
[9.492s] gmake[2]: *** [CMakeFiles/pick_place.dir/build.make:76: CMakeFiles/pick_place.dir/src/pick_place.cpp.o] Error 1
[9.493s] gmake[1]: *** [CMakeFiles/Makefile2:165: CMakeFiles/pick_place.dir/all] Error 2
[9.493s] gmake: *** [Makefile:146: all] Error 2
[9.495s] Invoked command in '/home/fra/master_ws_test/build/cobot_ik' returned '2': CMAKE_PREFIX_PATH=${CMAKE_PREFIX_PATH}:/opt/ros/humble /usr/bin/cmake --build /home/fra/master_ws_test/build/cobot_ik -- -j12 -l12
