[0.016s] Invoking command in '/home/fra/master_ws_test/build/cobot_ik': CMAKE_PREFIX_PATH=/home/fra/master_ws_test/install/ros2_linkattacher:/home/fra/master_ws_test/install/linkattacher_msgs:/home/fra/master_ws_test/install/six_arm_moveit_config:/home/fra/master_ws_test/install/cobot_moveit_config:/home/fra/master_ws_test/install/cobot_camera_moveit_config:/home/fra/master_ws_test/install/arm_moveit_config:/home/fra/master_ws_test/install/six_arm:/home/fra/master_ws_test/install/cobot_ik:/home/fra/master_ws_test/install/realsense2_description:/home/fra/master_ws_test/install/realsense2_camera:/home/fra/master_ws_test/install/realsense2_camera_msgs:/home/fra/master_ws_test/install/ind_environment:/home/fra/ros2_master_ws/install/ros2_linkattacher:/home/fra/ros2_master_ws/install/linkattacher_msgs:/home/fra/ros2_master_ws/install/ind_environment:/home/fra/ros2_master_ws/install/custom_robot_moveit_config:/home/fra/ros2_master_ws/install/custom_robot_ik:/home/fra/ros2_master_ws/install/cobot_gazebo:/home/fra/ros2_master_ws/install/cobot_description:/opt/ros/humble LD_LIBRARY_PATH=/home/fra/master_ws_test/install/ros2_linkattacher/lib:/home/fra/master_ws_test/install/linkattacher_msgs/lib:/home/fra/master_ws_test/install/realsense2_camera/lib:/home/fra/master_ws_test/install/realsense2_camera_msgs/lib:/home/fra/ros2_master_ws/install/ros2_linkattacher/lib:/home/fra/ros2_master_ws/install/linkattacher_msgs/lib:/usr/lib/x86_64-linux-gnu/gazebo-11/plugins:/opt/ros/humble/opt/rviz_ogre_vendor/lib:/opt/ros/humble/lib/x86_64-linux-gnu:/opt/ros/humble/lib /usr/bin/cmake --build /home/fra/master_ws_test/build/cobot_ik -- -j12 -l12
[0.044s] -- Found ament_cmake: 1.3.11 (/opt/ros/humble/share/ament_cmake/cmake)
[0.169s] -- Found moveit_ros_planning_interface: 2.5.8 (/opt/ros/humble/share/moveit_ros_planning_interface/cmake)
[0.179s] -- Found Boost: /usr/lib/x86_64-linux-gnu/cmake/Boost-1.74.0/BoostConfig.cmake (found version "1.74.0") found components: date_time filesystem program_options system thread 
[0.207s] -- Found rosidl_generator_c: 3.1.6 (/opt/ros/humble/share/rosidl_generator_c/cmake)
[0.209s] -- Found rosidl_adapter: 3.1.6 (/opt/ros/humble/share/rosidl_adapter/cmake)
[0.215s] -- Found rosidl_generator_cpp: 3.1.6 (/opt/ros/humble/share/rosidl_generator_cpp/cmake)
[0.224s] -- Using all available rosidl_typesupport_c: rosidl_typesupport_fastrtps_c;rosidl_typesupport_introspection_c
[0.237s] -- Using all available rosidl_typesupport_cpp: rosidl_typesupport_fastrtps_cpp;rosidl_typesupport_introspection_cpp
[0.420s] -- Found Boost: /usr/lib/x86_64-linux-gnu/cmake/Boost-1.74.0/BoostConfig.cmake (found version "1.74.0") found components: chrono date_time filesystem iostreams program_options regex serialization system thread 
[0.446s] -- Found parameter_traits: 0.4.0 (/opt/ros/humble/share/parameter_traits/cmake)
[0.472s] -- Found rmw_implementation_cmake: 6.1.2 (/opt/ros/humble/share/rmw_implementation_cmake/cmake)
[0.473s] -- Found rmw_fastrtps_cpp: 6.2.7 (/opt/ros/humble/share/rmw_fastrtps_cpp/cmake)
[0.574s] -- Using RMW implementation 'rmw_fastrtps_cpp' as default
[0.620s] -- Found rclcpp_lifecycle: 16.0.12 (/opt/ros/humble/share/rclcpp_lifecycle/cmake)
[0.639s] -- Found Boost: /usr/lib/x86_64-linux-gnu/cmake/Boost-1.74.0/BoostConfig.cmake (found version "1.74.0") found components: filesystem 
[0.671s] -- library: /usr/lib/x86_64-linux-gnu/libcurl.so
[0.700s] -- Ensuring Eigen3 include directory is part of orocos-kdl CMake target
[0.809s] -- Found Boost: /usr/lib/x86_64-linux-gnu/cmake/Boost-1.74.0/BoostConfig.cmake (found version "1.74.0") found components: system filesystem date_time program_options thread chrono 
[0.838s] -- Found Boost: /usr/lib/x86_64-linux-gnu/cmake/Boost-1.74.0/BoostConfig.cmake (found version "1.74.0") found components: thread system filesystem regex date_time program_options 
[0.857s] -- Found Boost: /usr/lib/x86_64-linux-gnu/cmake/Boost-1.74.0/BoostConfig.cmake (found version "1.74.0") found components: system filesystem date_time program_options thread 
[0.884s] -- Found gazebo_msgs: 3.9.0 (/opt/ros/humble/share/gazebo_msgs/cmake)
[0.904s] -- Found linkattacher_msgs: 0.0.0 (/home/fra/master_ws_test/install/linkattacher_msgs/share/linkattacher_msgs/cmake)
[0.914s] -- Found ros2_linkattacher: 0.0.0 (/home/fra/master_ws_test/install/ros2_linkattacher/share/ros2_linkattacher/cmake)
[0.914s] -- Found gazebo_ros: 3.9.0 (/opt/ros/humble/share/gazebo_ros/cmake)
[0.942s] -- Found DART: /usr/include (Required is at least version "6.6") found components: dart 
[0.954s] -- Found Boost: /usr/lib/x86_64-linux-gnu/cmake/Boost-1.74.0/BoostConfig.cmake (found suitable version "1.74.0", minimum required is "1.40.0") found components: thread system filesystem program_options regex iostreams date_time 
[0.962s] -- Found Protobuf: /usr/lib/x86_64-linux-gnu/libprotobuf.so (found version "3.12.4") 
[0.964s] -- Looking for ignition-math6 -- found version 6.15.1
[0.968s] -- Searching for dependencies of ignition-math6
[0.969s] -- Looking for OGRE...
[0.974s] -- Found Ogre Ghadamon (1.9.0)
[0.974s] -- Found OGRE: optimized;/usr/lib/x86_64-linux-gnu/libOgreMain.so;debug;/usr/lib/x86_64-linux-gnu/libOgreMain.so
[0.984s] -- Looking for OGRE_Paging...
[0.984s] -- Found OGRE_Paging: optimized;/usr/lib/x86_64-linux-gnu/libOgrePaging.so;debug;/usr/lib/x86_64-linux-gnu/libOgrePaging.so
[0.984s] -- Looking for OGRE_Terrain...
[0.985s] -- Found OGRE_Terrain: optimized;/usr/lib/x86_64-linux-gnu/libOgreTerrain.so;debug;/usr/lib/x86_64-linux-gnu/libOgreTerrain.so
[0.985s] -- Looking for OGRE_Property...
[0.985s] -- Found OGRE_Property: optimized;/usr/lib/x86_64-linux-gnu/libOgreProperty.so;debug;/usr/lib/x86_64-linux-gnu/libOgreProperty.so
[0.985s] -- Looking for OGRE_RTShaderSystem...
[0.985s] -- Found OGRE_RTShaderSystem: optimized;/usr/lib/x86_64-linux-gnu/libOgreRTShaderSystem.so;debug;/usr/lib/x86_64-linux-gnu/libOgreRTShaderSystem.so
[0.985s] -- Looking for OGRE_Volume...
[0.985s] -- Found OGRE_Volume: optimized;/usr/lib/x86_64-linux-gnu/libOgreVolume.so;debug;/usr/lib/x86_64-linux-gnu/libOgreVolume.so
[0.985s] -- Looking for OGRE_Overlay...
[0.985s] -- Found OGRE_Overlay: optimized;/usr/lib/x86_64-linux-gnu/libOgreOverlay.so;debug;/usr/lib/x86_64-linux-gnu/libOgreOverlay.so
[1.128s] -- Looking for ignition-math6 -- found version 6.15.1
[1.129s] -- Looking for ignition-transport8 -- found version 8.2.1
[1.129s] -- Searching for dependencies of ignition-transport8
[1.147s] -- Found Protobuf: /usr/lib/x86_64-linux-gnu/libprotobuf.so (found suitable version "3.12.4", minimum required is "3") 
[1.159s] -- Config-file not installed for ZeroMQ -- checking for pkg-config
[1.163s] -- Checking for module 'libzmq >= 4'
[1.175s] --   Found libzmq , version 4.3.4
[1.217s] -- Checking for module 'uuid'
[1.231s] --   Found uuid, version 2.37.2
[1.265s] -- Looking for ignition-msgs5 -- found version 5.8.1
[1.265s] -- Searching for dependencies of ignition-msgs5
[1.288s] -- Looking for ignition-math6 -- found version 6.15.1
[1.295s] -- Looking for ignition-msgs5 -- found version 5.8.1
[1.296s] -- Looking for ignition-common3 -- found version 3.14.0
[1.296s] -- Searching for dependencies of ignition-common3
[1.296s] -- Looking for dlfcn.h - found
[1.296s] -- Looking for libdl - found
[1.308s] -- Searching for <ignition-common3> component [graphics]
[1.309s] -- Looking for ignition-common3-graphics -- found version 3.14.0
[1.309s] -- Searching for dependencies of ignition-common3-graphics
[1.310s] -- Looking for ignition-math6 -- found version 6.15.1
[1.311s] -- Looking for ignition-fuel_tools4 -- found version 4.4.0
[1.311s] -- Searching for dependencies of ignition-fuel_tools4
[1.346s] -- Checking for module 'jsoncpp'
[1.358s] --   Found jsoncpp, version 1.9.5
[1.397s] -- Checking for module 'libzip'
[1.412s] --   Found libzip, version 1.7.3
[1.447s] -- Looking for ignition-common3 -- found version 3.14.0
[1.448s] -- Looking for ignition-math6 -- found version 6.15.1
[1.448s] -- Looking for ignition-msgs5 -- found version 5.8.1
[1.451s] -- Gazebo version: 11.10
[1.452s] -- Found pcl_conversions: 2.4.5 (/opt/ros/humble/share/pcl_conversions/cmake)
[1.488s] -- Eigen found (include: /usr/include/eigen3, version: 3.4.0)
[1.516s] -- FLANN found (include: /usr/include, lib: /usr/lib/x86_64-linux-gnu/libflann_cpp.so)
[1.803s] -- OpenNI found (version: 1.5.4.0, include: /usr/include/ni, lib: /usr/lib/libOpenNI.so;libusb::libusb)
[1.810s] -- OpenNI2 found (version: 2.2.0.33, include: /usr/include/openni2, lib: /usr/lib/x86_64-linux-gnu/libOpenNI2.so;libusb::libusb)
[1.963s] -- Eigen found (include: /usr/include/eigen3, version: 3.4.0)
[1.968s] -- OpenNI found (version: 1.5.4.0, include: /usr/include/ni, lib: /usr/lib/libOpenNI.so;libusb::libusb)
[1.974s] -- OpenNI2 found (version: 2.2.0.33, include: /usr/include/openni2, lib: /usr/lib/x86_64-linux-gnu/libOpenNI2.so;libusb::libusb)
[2.117s] -- Found Qhull version 8.0.2
[2.257s] -- OpenNI found (version: 1.5.4.0, include: /usr/include/ni, lib: /usr/lib/libOpenNI.so;libusb::libusb)
[2.404s] -- Found pcl_ros: 2.4.5 (/opt/ros/humble/share/pcl_ros/cmake)
[2.423s] -- Found ament_lint_auto: 0.12.12 (/opt/ros/humble/share/ament_lint_auto/cmake)
[2.570s] -- Added test 'cppcheck' to perform static code analysis on C / C++ code
[2.570s] -- Configured cppcheck include dirs: 
[2.570s] -- Configured cppcheck exclude dirs and/or files: 
[2.571s] -- Added test 'lint_cmake' to check CMake code style
[2.572s] -- Added test 'uncrustify' to check C / C++ code style
[2.572s] -- Configured uncrustify additional arguments: 
[2.572s] -- Added test 'xmllint' to check XML markup files
[2.572s] -- Configuring done
[2.711s] -- Generating done
[2.754s] -- Build files have been written to: /home/fra/master_ws_test/build/cobot_ik
[2.794s] [35m[1mConsolidate compiler generated dependencies of target attach[0m
[2.795s] [35m[1mConsolidate compiler generated dependencies of target pick_place[0m
[2.795s] [35m[1mConsolidate compiler generated dependencies of target pick_place_fake_gripping[0m
[2.797s] [35m[1mConsolidate compiler generated dependencies of target test_ik[0m
[2.798s] [35m[1mConsolidate compiler generated dependencies of target pick_place_link_attacher[0m
[2.801s] [35m[1mConsolidate compiler generated dependencies of target process_points_stream[0m
[2.803s] [35m[1mConsolidate compiler generated dependencies of target test_pick_care_waypoints[0m
[2.805s] [  6%] [32mBuilding CXX object CMakeFiles/test_pick_care.dir/src/test_pick_care.cpp.o[0m
[2.815s] [ 18%] Built target attach
[2.825s] [ 31%] Built target pick_place_fake_gripping
[2.826s] [ 43%] Built target pick_place
[2.832s] [ 56%] Built target test_ik
[2.832s] [ 81%] Built target process_points_stream
[2.833s] [ 81%] [32m[1mLinking CXX executable test_pick_care_waypoints[0m
[2.833s] [ 87%] Built target pick_place_link_attacher
[2.840s] [01m[K/home/fra/master_ws_test/src/cobot_ik/src/test_pick_care.cpp:2:10:[m[K [01;31m[Kfatal error: [m[Krclcpp/rclcpp.hpp: No such file or directory
[2.840s]     2 | #include [01;31m[K<rclcpp/rclcpp.hpp>[m[K
[2.840s]       |          [01;31m[K^~~~~~~~~~~~~~~~~~~[m[K
[2.840s] compilation terminated.
[2.841s] gmake[2]: *** [CMakeFiles/test_pick_care.dir/build.make:76: CMakeFiles/test_pick_care.dir/src/test_pick_care.cpp.o] Error 1
[2.841s] gmake[1]: *** [CMakeFiles/Makefile2:333: CMakeFiles/test_pick_care.dir/all] Error 2
[2.841s] gmake[1]: *** Waiting for unfinished jobs....
[4.058s] [ 93%] Built target test_pick_care_waypoints
[4.059s] gmake: *** [Makefile:146: all] Error 2
[4.059s] Invoked command in '/home/fra/master_ws_test/build/cobot_ik' returned '2': CMAKE_PREFIX_PATH=/home/fra/master_ws_test/install/ros2_linkattacher:/home/fra/master_ws_test/install/linkattacher_msgs:/home/fra/master_ws_test/install/six_arm_moveit_config:/home/fra/master_ws_test/install/cobot_moveit_config:/home/fra/master_ws_test/install/cobot_camera_moveit_config:/home/fra/master_ws_test/install/arm_moveit_config:/home/fra/master_ws_test/install/six_arm:/home/fra/master_ws_test/install/cobot_ik:/home/fra/master_ws_test/install/realsense2_description:/home/fra/master_ws_test/install/realsense2_camera:/home/fra/master_ws_test/install/realsense2_camera_msgs:/home/fra/master_ws_test/install/ind_environment:/home/fra/ros2_master_ws/install/ros2_linkattacher:/home/fra/ros2_master_ws/install/linkattacher_msgs:/home/fra/ros2_master_ws/install/ind_environment:/home/fra/ros2_master_ws/install/custom_robot_moveit_config:/home/fra/ros2_master_ws/install/custom_robot_ik:/home/fra/ros2_master_ws/install/cobot_gazebo:/home/fra/ros2_master_ws/install/cobot_description:/opt/ros/humble LD_LIBRARY_PATH=/home/fra/master_ws_test/install/ros2_linkattacher/lib:/home/fra/master_ws_test/install/linkattacher_msgs/lib:/home/fra/master_ws_test/install/realsense2_camera/lib:/home/fra/master_ws_test/install/realsense2_camera_msgs/lib:/home/fra/ros2_master_ws/install/ros2_linkattacher/lib:/home/fra/ros2_master_ws/install/linkattacher_msgs/lib:/usr/lib/x86_64-linux-gnu/gazebo-11/plugins:/opt/ros/humble/opt/rviz_ogre_vendor/lib:/opt/ros/humble/lib/x86_64-linux-gnu:/opt/ros/humble/lib /usr/bin/cmake --build /home/fra/master_ws_test/build/cobot_ik -- -j12 -l12
