[01m[K/home/fra/master_ws_test/src/cobot_ik/src/test_ik.cpp:4:10:[m[K [01;31m[Kfatal error: [m[Kmoveit/move_group_interface/move_group_interface.hpp: No such file or directory
    4 | #include [01;31m[K<moveit/move_group_interface/move_group_interface.hpp>[m[K
      |          [01;31m[K^~~~~~~~~~~~~~~~~~~~~~~~~~~~~~~~~~~~~~~~~~~~~~~~~~~~~~[m[K
compilation terminated.
gmake[2]: *** [CMakeFiles/test_ik.dir/build.make:76: CMakeFiles/test_ik.dir/src/test_ik.cpp.o] Error 1
gmake[1]: *** [CMakeFiles/Makefile2:137: CMakeFiles/test_ik.dir/all] Error 2
gmake: *** [Makefile:146: all] Error 2
