[0.020s] Invoking command in '/home/fra/master_ws_test/build/cobot_ik': CMAKE_PREFIX_PATH=${CMAKE_PREFIX_PATH}:/opt/ros/humble /usr/bin/cmake --build /home/fra/master_ws_test/build/cobot_ik -- -j12 -l12
[0.072s] [35m[1mConsolidate compiler generated dependencies of target pick_place[0m
[0.091s] [ 50%] Built target test_ik
[0.098s] [ 75%] [32mBuilding CXX object CMakeFiles/pick_place.dir/src/pick_place.cpp.o[0m
[6.040s] [01m[K/home/fra/master_ws_test/src/cobot_ik/src/pick_place.cpp:163:18:[m[K [01;31m[Kerror: [m[Kâ€˜[01m[Kmsgs[m[Kâ€™ in namespace â€˜[01m[Kmoveit_msgs[m[Kâ€™ does not name a type; did you mean â€˜[01m[Kmsg[m[Kâ€™?
[6.040s]   163 |     moveit_msgs::[01;31m[Kmsgs[m[K::AttachedCollisionObject attached_object;
[6.040s]       |                  [01;31m[K^~~~[m[K
[6.040s]       |                  [32m[Kmsg[m[K
[9.160s] gmake[2]: *** [CMakeFiles/pick_place.dir/build.make:76: CMakeFiles/pick_place.dir/src/pick_place.cpp.o] Error 1
[9.160s] gmake[1]: *** [CMakeFiles/Makefile2:165: CMakeFiles/pick_place.dir/all] Error 2
[9.160s] gmake: *** [Makefile:146: all] Error 2
[9.162s] Invoked command in '/home/fra/master_ws_test/build/cobot_ik' returned '2': CMAKE_PREFIX_PATH=${CMAKE_PREFIX_PATH}:/opt/ros/humble /usr/bin/cmake --build /home/fra/master_ws_test/build/cobot_ik -- -j12 -l12
