[0.014s] Invoking command in '/home/fra/master_ws_test/build/cobot_ik': CMAKE_PREFIX_PATH=${CMAKE_PREFIX_PATH}:/opt/ros/humble /usr/bin/cmake --build /home/fra/master_ws_test/build/cobot_ik -- -j12 -l12
[0.048s] [35m[1mConsolidate compiler generated dependencies of target pick_place_fake_gripping[0m
[0.066s] [ 66%] Built target pick_place
[0.066s] [ 66%] Built target test_ik
[0.068s] [ 83%] [32mBuilding CXX object CMakeFiles/pick_place_fake_gripping.dir/src/pick_place_fake_gripping.cpp.o[0m
[0.672s] [01m[K/home/fra/master_ws_test/src/cobot_ik/src/pick_place_fake_gripping.cpp:11:10:[m[K [01;31m[Kfatal error: [m[Kgazebo_msgs/srv/set_link_state.hpp: No such file or directory
[0.672s]    11 | #include [01;31m[K<gazebo_msgs/srv/set_link_state.hpp>[m[K
[0.672s]       |          [01;31m[K^~~~~~~~~~~~~~~~~~~~~~~~~~~~~~~~~~~~[m[K
[0.672s] compilation terminated.
[0.676s] gmake[2]: *** [CMakeFiles/pick_place_fake_gripping.dir/build.make:76: CMakeFiles/pick_place_fake_gripping.dir/src/pick_place_fake_gripping.cpp.o] Error 1
[0.676s] gmake[1]: *** [CMakeFiles/Makefile2:193: CMakeFiles/pick_place_fake_gripping.dir/all] Error 2
[0.676s] gmake: *** [Makefile:146: all] Error 2
[0.678s] Invoked command in '/home/fra/master_ws_test/build/cobot_ik' returned '2': CMAKE_PREFIX_PATH=${CMAKE_PREFIX_PATH}:/opt/ros/humble /usr/bin/cmake --build /home/fra/master_ws_test/build/cobot_ik -- -j12 -l12
