[0.015s] Invoking command in '/home/fra/master_ws_test/build/cobot_ik': CMAKE_PREFIX_PATH=${CMAKE_PREFIX_PATH}:/opt/ros/humble /usr/bin/cmake --build /home/fra/master_ws_test/build/cobot_ik -- -j12 -l12
[0.068s] [ 50%] Built target test_ik
[0.068s] [ 75%] [32mBuilding CXX object CMakeFiles/pick_place.dir/src/pick_place.cpp.o[0m
[0.633s] [01m[K/home/fra/master_ws_test/src/cobot_ik/src/pick_place.cpp:169:10:[m[K [01;31m[Kfatal error: [m[Kmoveit/commander/robot_trajectory.h: No such file or directory
[0.633s]   169 | #include [01;31m[K<moveit/commander/robot_trajectory.h>[m[K
[0.634s]       |          [01;31m[K^~~~~~~~~~~~~~~~~~~~~~~~~~~~~~~~~~~~~[m[K
[0.634s] compilation terminated.
[0.648s] gmake[2]: *** [CMakeFiles/pick_place.dir/build.make:76: CMakeFiles/pick_place.dir/src/pick_place.cpp.o] Error 1
[0.648s] gmake[1]: *** [CMakeFiles/Makefile2:165: CMakeFiles/pick_place.dir/all] Error 2
[0.648s] gmake: *** [Makefile:146: all] Error 2
[0.652s] Invoked command in '/home/fra/master_ws_test/build/cobot_ik' returned '2': CMAKE_PREFIX_PATH=${CMAKE_PREFIX_PATH}:/opt/ros/humble /usr/bin/cmake --build /home/fra/master_ws_test/build/cobot_ik -- -j12 -l12
