[0.015s] Invoking command in '/home/fra/master_ws_test/build/cobot_ik': CMAKE_PREFIX_PATH=${CMAKE_PREFIX_PATH}:/opt/ros/humble /usr/bin/cmake --build /home/fra/master_ws_test/build/cobot_ik -- -j12 -l12
[0.052s] [35m[1mConsolidate compiler generated dependencies of target pick_place[0m
[0.065s] [ 50%] Built target test_ik
[0.071s] [ 75%] [32mBuilding CXX object CMakeFiles/pick_place.dir/src/pick_place.cpp.o[0m
[4.473s] [01m[K/home/fra/master_ws_test/src/cobot_ik/src/pick_place.cpp:[m[K In constructor â€˜[01m[KPickAndPlace::PickAndPlace(rclcpp::Node::SharedPtr)[m[Kâ€™:
[4.473s] [01m[K/home/fra/master_ws_test/src/cobot_ik/src/pick_place.cpp:18:11:[m[K [01;31m[Kerror: [m[Kclass â€˜[01m[KPickAndPlace[m[Kâ€™ does not have any field named â€˜[01m[Kgripper[m[Kâ€™
[4.473s]    18 |           [01;31m[Kgripper[m[K(node, "gripper"),
[4.473s]       |           [01;31m[K^~~~~~~[m[K
[4.480s] [01m[K/home/fra/master_ws_test/src/cobot_ik/src/pick_place.cpp:[m[K In member function â€˜[01m[Kvoid PickAndPlace::close_gripper()[m[Kâ€™:
[4.480s] [01m[K/home/fra/master_ws_test/src/cobot_ik/src/pick_place.cpp:28:9:[m[K [01;31m[Kerror: [m[Kâ€˜[01m[Kgripper[m[Kâ€™ was not declared in this scope
[4.480s]    28 |         [01;31m[Kgripper[m[K.setJointValueTarget("finger_right_joint", 0.04);
[4.480s]       |         [01;31m[K^~~~~~~[m[K
[4.486s] [01m[K/home/fra/master_ws_test/src/cobot_ik/src/pick_place.cpp:[m[K In member function â€˜[01m[Kvoid PickAndPlace::open_gripper()[m[Kâ€™:
[4.486s] [01m[K/home/fra/master_ws_test/src/cobot_ik/src/pick_place.cpp:34:9:[m[K [01;31m[Kerror: [m[Kâ€˜[01m[Kgripper[m[Kâ€™ was not declared in this scope
[4.486s]    34 |         [01;31m[Kgripper[m[K.setJointValueTarget("finger_right_joint", 0.0);
[4.486s]       |         [01;31m[K^~~~~~~[m[K
[6.787s] gmake[2]: *** [CMakeFiles/pick_place.dir/build.make:76: CMakeFiles/pick_place.dir/src/pick_place.cpp.o] Error 1
[6.787s] gmake[1]: *** [CMakeFiles/Makefile2:165: CMakeFiles/pick_place.dir/all] Error 2
[6.787s] gmake: *** [Makefile:146: all] Error 2
[6.789s] Invoked command in '/home/fra/master_ws_test/build/cobot_ik' returned '2': CMAKE_PREFIX_PATH=${CMAKE_PREFIX_PATH}:/opt/ros/humble /usr/bin/cmake --build /home/fra/master_ws_test/build/cobot_ik -- -j12 -l12
