[35m[1mConsolidate compiler generated dependencies of target pick_place_link_attacher[0m
[ 20%] Built target attach
[ 80%] Built target pick_place
[ 80%] Built target test_ik
[ 80%] Built target pick_place_fake_gripping
[ 90%] [32mBuilding CXX object CMakeFiles/pick_place_link_attacher.dir/src/pick_place_link_attacher.cpp.o[0m
[01m[K/home/fra/master_ws_test/src/cobot_ik/src/pick_place_link_attacher.cpp:[m[K In member function â€˜[01m[Kvoid PickAndPlace::attachCollisionObject()[m[Kâ€™:
[01m[K/home/fra/master_ws_test/src/cobot_ik/src/pick_place_link_attacher.cpp:238:9:[m[K [01;31m[Kerror: [m[Kâ€˜[01m[Kouch_links[m[Kâ€™ was not declared in this scope; did you mean â€˜[01m[Ktouch_links[m[Kâ€™?
  238 |         [01;31m[Kouch_links[m[K.push_back("link6");
      |         [01;31m[K^~~~~~~~~~[m[K
      |         [32m[Ktouch_links[m[K
gmake[2]: *** [CMakeFiles/pick_place_link_attacher.dir/build.make:76: CMakeFiles/pick_place_link_attacher.dir/src/pick_place_link_attacher.cpp.o] Error 1
gmake[1]: *** [CMakeFiles/Makefile2:223: CMakeFiles/pick_place_link_attacher.dir/all] Error 2
gmake: *** [Makefile:146: all] Error 2
