[0.014s] Invoking command in '/home/fra/master_ws_test/build/cobot_ik': CMAKE_PREFIX_PATH=${CMAKE_PREFIX_PATH}:/opt/ros/humble /usr/bin/cmake --build /home/fra/master_ws_test/build/cobot_ik -- -j12 -l12
[0.052s] [35m[1mConsolidate compiler generated dependencies of target pick_place[0m
[0.067s] [ 50%] Built target test_ik
[0.071s] [ 75%] [32mBuilding CXX object CMakeFiles/pick_place.dir/src/pick_place.cpp.o[0m
[0.572s] [01m[K/home/fra/master_ws_test/src/cobot_ik/src/pick_place.cpp:166:10:[m[K [01;31m[Kfatal error: [m[Kmoveit/ros_move_group_interface/move_group_interface.h: No such file or directory
[0.572s]   166 | #include [01;31m[K<moveit/ros_move_group_interface/move_group_interface.h>[m[K
[0.572s]       |          [01;31m[K^~~~~~~~~~~~~~~~~~~~~~~~~~~~~~~~~~~~~~~~~~~~~~~~~~~~~~~~[m[K
[0.572s] compilation terminated.
[0.575s] gmake[2]: *** [CMakeFiles/pick_place.dir/build.make:76: CMakeFiles/pick_place.dir/src/pick_place.cpp.o] Error 1
[0.575s] gmake[1]: *** [CMakeFiles/Makefile2:165: CMakeFiles/pick_place.dir/all] Error 2
[0.575s] gmake: *** [Makefile:146: all] Error 2
[0.577s] Invoked command in '/home/fra/master_ws_test/build/cobot_ik' returned '2': CMAKE_PREFIX_PATH=${CMAKE_PREFIX_PATH}:/opt/ros/humble /usr/bin/cmake --build /home/fra/master_ws_test/build/cobot_ik -- -j12 -l12
