[01m[K/home/fra/master_ws_test/src/cobot_ik/src/pick_place_link_attacher.cpp:[m[K In member function â€˜[01m[Kvoid PickAndPlace::attachObject()[m[Kâ€™:
[01m[K/home/fra/master_ws_test/src/cobot_ik/src/pick_place_link_attacher.cpp:116:48:[m[K [01;31m[Kerror: [m[Kâ€˜[01m[Knode[m[Kâ€™ was not declared in this scope
  116 |         if (rclcpp::spin_until_future_complete([01;31m[Knode[m[K, future) == rclcpp::FutureReturnCode::SUCCESS)
      |                                                [01;31m[K^~~~[m[K
[01m[K/home/fra/master_ws_test/src/cobot_ik/src/pick_place_link_attacher.cpp:[m[K In member function â€˜[01m[Kvoid PickAndPlace::detachObject()[m[Kâ€™:
[01m[K/home/fra/master_ws_test/src/cobot_ik/src/pick_place_link_attacher.cpp:132:48:[m[K [01;31m[Kerror: [m[Kâ€˜[01m[Knode[m[Kâ€™ was not declared in this scope
  132 |         if (rclcpp::spin_until_future_complete([01;31m[Knode[m[K, future) == rclcpp::FutureReturnCode::SUCCESS)
      |                                                [01;31m[K^~~~[m[K
gmake[2]: *** [CMakeFiles/pick_place_link_attacher.dir/build.make:76: CMakeFiles/pick_place_link_attacher.dir/src/pick_place_link_attacher.cpp.o] Error 1
gmake[1]: *** [CMakeFiles/Makefile2:221: CMakeFiles/pick_place_link_attacher.dir/all] Error 2
gmake: *** [Makefile:146: all] Error 2
