[0.024s] Invoking command in '/home/fra/master_ws_test/build/gazebo_realsense_plugin': CMAKE_PREFIX_PATH=${CMAKE_PREFIX_PATH}:/home/fra/ros2_ws/install/python_pkg:/opt/ros/humble /usr/bin/cmake /home/fra/master_ws_test/src/gazebo_realsense_plugin -DCMAKE_INSTALL_PREFIX=/home/fra/master_ws_test/install/gazebo_realsense_plugin
[0.038s] -- Found ament_cmake: 1.3.11 (/opt/ros/humble/share/ament_cmake/cmake)
[0.213s] -- Found gazebo_ros: 3.7.0 (/opt/ros/humble/share/gazebo_ros/cmake)
[0.247s] -- Found rosidl_generator_c: 3.1.6 (/opt/ros/humble/share/rosidl_generator_c/cmake)
[0.250s] -- Found rosidl_adapter: 3.1.6 (/opt/ros/humble/share/rosidl_adapter/cmake)
[0.255s] -- Found rosidl_generator_cpp: 3.1.6 (/opt/ros/humble/share/rosidl_generator_cpp/cmake)
[0.265s] -- Using all available rosidl_typesupport_c: rosidl_typesupport_fastrtps_c;rosidl_typesupport_introspection_c
[0.278s] -- Using all available rosidl_typesupport_cpp: rosidl_typesupport_fastrtps_cpp;rosidl_typesupport_introspection_cpp
[0.311s] -- Found rmw_implementation_cmake: 6.1.2 (/opt/ros/humble/share/rmw_implementation_cmake/cmake)
[0.313s] -- Found rmw_fastrtps_cpp: 6.2.7 (/opt/ros/humble/share/rmw_fastrtps_cpp/cmake)
[0.414s] -- Using RMW implementation 'rmw_fastrtps_cpp' as default
[0.493s] -- Found DART: /usr/include (Required is at least version "6.6") found components: dart 
[0.525s] -- Found Protobuf: /usr/lib/x86_64-linux-gnu/libprotobuf.so (found version "3.12.4") 
[0.527s] -- Looking for ignition-math6 -- found version 6.15.1
[0.532s] -- Searching for dependencies of ignition-math6
[0.534s] -- Looking for OGRE...
[0.539s] -- Found Ogre Ghadamon (1.9.0)
[0.539s] -- Found OGRE: optimized;/usr/lib/x86_64-linux-gnu/libOgreMain.so;debug;/usr/lib/x86_64-linux-gnu/libOgreMain.so
[0.549s] -- Looking for OGRE_Paging...
[0.549s] -- Found OGRE_Paging: optimized;/usr/lib/x86_64-linux-gnu/libOgrePaging.so;debug;/usr/lib/x86_64-linux-gnu/libOgrePaging.so
[0.549s] -- Looking for OGRE_Terrain...
[0.550s] -- Found OGRE_Terrain: optimized;/usr/lib/x86_64-linux-gnu/libOgreTerrain.so;debug;/usr/lib/x86_64-linux-gnu/libOgreTerrain.so
[0.550s] -- Looking for OGRE_Property...
[0.550s] -- Found OGRE_Property: optimized;/usr/lib/x86_64-linux-gnu/libOgreProperty.so;debug;/usr/lib/x86_64-linux-gnu/libOgreProperty.so
[0.550s] -- Looking for OGRE_RTShaderSystem...
[0.550s] -- Found OGRE_RTShaderSystem: optimized;/usr/lib/x86_64-linux-gnu/libOgreRTShaderSystem.so;debug;/usr/lib/x86_64-linux-gnu/libOgreRTShaderSystem.so
[0.550s] -- Looking for OGRE_Volume...
[0.550s] -- Found OGRE_Volume: optimized;/usr/lib/x86_64-linux-gnu/libOgreVolume.so;debug;/usr/lib/x86_64-linux-gnu/libOgreVolume.so
[0.550s] -- Looking for OGRE_Overlay...
[0.550s] -- Found OGRE_Overlay: optimized;/usr/lib/x86_64-linux-gnu/libOgreOverlay.so;debug;/usr/lib/x86_64-linux-gnu/libOgreOverlay.so
[0.696s] -- Looking for ignition-math6 -- found version 6.15.1
[0.696s] -- Looking for ignition-transport8 -- found version 8.2.1
[0.696s] -- Searching for dependencies of ignition-transport8
[0.718s] -- Found Protobuf: /usr/lib/x86_64-linux-gnu/libprotobuf.so (found suitable version "3.12.4", minimum required is "3") 
[0.731s] -- Config-file not installed for ZeroMQ -- checking for pkg-config
[0.736s] -- Checking for module 'libzmq >= 4'
[0.747s] --   Found libzmq , version 4.3.4
[0.783s] -- Checking for module 'uuid'
[0.794s] --   Found uuid, version 2.37.2
[0.822s] -- Looking for ignition-msgs5 -- found version 5.8.1
[0.823s] -- Searching for dependencies of ignition-msgs5
[0.842s] -- Looking for ignition-math6 -- found version 6.15.1
[0.847s] -- Checking for module 'tinyxml2'
[0.858s] --   Found tinyxml2, version 9.0.0
[0.887s] -- Looking for ignition-msgs5 -- found version 5.8.1
[0.888s] -- Looking for ignition-common3 -- found version 3.14.0
[0.888s] -- Searching for dependencies of ignition-common3
[0.888s] -- Looking for dlfcn.h - found
[0.888s] -- Looking for libdl - found
[0.900s] -- Searching for <ignition-common3> component [graphics]
[0.901s] -- Looking for ignition-common3-graphics -- found version 3.14.0
[0.901s] -- Searching for dependencies of ignition-common3-graphics
[0.902s] -- Looking for ignition-math6 -- found version 6.15.1
[0.903s] -- Looking for ignition-fuel_tools4 -- found version 4.4.0
[0.903s] -- Searching for dependencies of ignition-fuel_tools4
[0.942s] -- Checking for module 'jsoncpp'
[0.953s] --   Found jsoncpp, version 1.9.5
[0.987s] -- Checking for module 'libzip'
[1.000s] --   Found libzip, version 1.7.3
[1.031s] -- Looking for ignition-common3 -- found version 3.14.0
[1.031s] -- Looking for ignition-math6 -- found version 6.15.1
[1.032s] -- Looking for ignition-msgs5 -- found version 5.8.1
[1.034s] -- Gazebo version: 11.10
[1.035s] -- Found ament_lint_auto: 0.12.11 (/opt/ros/humble/share/ament_lint_auto/cmake)
[1.131s] -- Added test 'cppcheck' to perform static code analysis on C / C++ code
[1.132s] -- Configured cppcheck include dirs: 
[1.132s] -- Configured cppcheck exclude dirs and/or files: 
[1.133s] -- Added test 'lint_cmake' to check CMake code style
[1.134s] -- Added test 'uncrustify' to check C / C++ code style
[1.134s] -- Configured uncrustify additional arguments: 
[1.135s] -- Added test 'xmllint' to check XML markup files
[1.136s] -- Configuring done
[1.156s] -- Generating done
[1.160s] -- Build files have been written to: /home/fra/master_ws_test/build/gazebo_realsense_plugin
[1.168s] Invoked command in '/home/fra/master_ws_test/build/gazebo_realsense_plugin' returned '0': CMAKE_PREFIX_PATH=${CMAKE_PREFIX_PATH}:/home/fra/ros2_ws/install/python_pkg:/opt/ros/humble /usr/bin/cmake /home/fra/master_ws_test/src/gazebo_realsense_plugin -DCMAKE_INSTALL_PREFIX=/home/fra/master_ws_test/install/gazebo_realsense_plugin
[1.169s] Invoking command in '/home/fra/master_ws_test/build/gazebo_realsense_plugin': CMAKE_PREFIX_PATH=${CMAKE_PREFIX_PATH}:/home/fra/ros2_ws/install/python_pkg:/opt/ros/humble /usr/bin/cmake --build /home/fra/master_ws_test/build/gazebo_realsense_plugin -- -j12 -l12
[1.216s] [ 50%] [32mBuilding CXX object CMakeFiles/gezebo_realsense_plugin.dir/src/GezeboRealSensePlugin.cpp.o[0m
[2.971s] [01m[K/home/fra/master_ws_test/src/gazebo_realsense_plugin/src/GezeboRealSensePlugin.cpp:5:10:[m[K [01;31m[Kfatal error: [m[Ksensor_msgs/msg/image.hpp: No such file or directory
[2.971s]     5 | #include [01;31m[K<sensor_msgs/msg/image.hpp>[m[K
[2.971s]       |          [01;31m[K^~~~~~~~~~~~~~~~~~~~~~~~~~~[m[K
[2.971s] compilation terminated.
[2.995s] gmake[2]: *** [CMakeFiles/gezebo_realsense_plugin.dir/build.make:76: CMakeFiles/gezebo_realsense_plugin.dir/src/GezeboRealSensePlugin.cpp.o] Error 1
[2.996s] gmake[1]: *** [CMakeFiles/Makefile2:137: CMakeFiles/gezebo_realsense_plugin.dir/all] Error 2
[2.996s] gmake: *** [Makefile:146: all] Error 2
[2.999s] Invoked command in '/home/fra/master_ws_test/build/gazebo_realsense_plugin' returned '2': CMAKE_PREFIX_PATH=${CMAKE_PREFIX_PATH}:/home/fra/ros2_ws/install/python_pkg:/opt/ros/humble /usr/bin/cmake --build /home/fra/master_ws_test/build/gazebo_realsense_plugin -- -j12 -l12
