[0.015s] Invoking command in '/home/fra/master_ws_test/build/cobot_ik': CMAKE_PREFIX_PATH=${CMAKE_PREFIX_PATH}:/opt/ros/humble /usr/bin/cmake --build /home/fra/master_ws_test/build/cobot_ik -- -j12 -l12
[0.053s] [35m[1mConsolidate compiler generated dependencies of target pick_place_link_attacher[0m
[0.066s] [ 25%] Built target test_ik
[0.067s] [ 50%] Built target pick_place
[0.068s] [ 75%] Built target pick_place_fake_gripping
[0.073s] [ 87%] [32mBuilding CXX object CMakeFiles/pick_place_link_attacher.dir/src/pick_place_link_attacher.cpp.o[0m
[0.665s] [01m[K/home/fra/master_ws_test/src/cobot_ik/src/pick_place_link_attacher.cpp:9:10:[m[K [01;31m[Kfatal error: [m[Kgazebo_ros_link_attacher/srv/attach.hpp: No such file or directory
[0.665s]     9 | #include [01;31m[K<gazebo_ros_link_attacher/srv/attach.hpp>[m[K
[0.665s]       |          [01;31m[K^~~~~~~~~~~~~~~~~~~~~~~~~~~~~~~~~~~~~~~~~[m[K
[0.665s] compilation terminated.
[0.680s] gmake[2]: *** [CMakeFiles/pick_place_link_attacher.dir/build.make:76: CMakeFiles/pick_place_link_attacher.dir/src/pick_place_link_attacher.cpp.o] Error 1
[0.681s] gmake[1]: *** [CMakeFiles/Makefile2:221: CMakeFiles/pick_place_link_attacher.dir/all] Error 2
[0.681s] gmake: *** [Makefile:146: all] Error 2
[0.685s] Invoked command in '/home/fra/master_ws_test/build/cobot_ik' returned '2': CMAKE_PREFIX_PATH=${CMAKE_PREFIX_PATH}:/opt/ros/humble /usr/bin/cmake --build /home/fra/master_ws_test/build/cobot_ik -- -j12 -l12
